<?xml version="1.0" encoding="UTF-8"?>
<!-- Generated by org.testng.reporters.JUnitReportReporter -->
<testsuite hostname="DESKTOP-5NBA265" failures="0" tests="2" name="com.Crossbrowser.Demo_Crossbrowser" time="18.026" errors="0" timestamp="2024-07-17T18:30:48 IST" skipped="0">
  <testcase classname="com.Crossbrowser.Demo_Crossbrowser" name="verifybrowser" time="7.858"/>
  <testcase classname="com.Crossbrowser.Demo_Crossbrowser" name="verifybrowser" time="10.168"/>
</testsuite> <!-- com.Crossbrowser.Demo_Crossbrowser -->
